

Version:	3.12
CmdLine:	D:\start-to-read-in-english\game.exe --l4j-debug
WOW64:		yes
Working dir:	D:\start-to-read-in-english\.
Java min ver:	1.011.000
Java max ver:	
64-bit search:	SOFTWARE\JavaSoft\Java Runtime Environment...
Check:		SOFTWARE\JavaSoft\Java Runtime Environment\1.8
Ignore:		1.008.000
Check:		SOFTWARE\JavaSoft\Java Runtime Environment\1.8.0_241
Ignore:		1.008.000_241
32-bit search:	SOFTWARE\JavaSoft\Java Runtime Environment...
Check:		SOFTWARE\JavaSoft\Java Runtime Environment\1.8
Ignore:		1.008.000
Check:		SOFTWARE\JavaSoft\Java Runtime Environment\1.8.0_241
Ignore:		1.008.000_241
64-bit search:	SOFTWARE\JavaSoft\Java Development Kit...
Check:		SOFTWARE\JavaSoft\Java Development Kit\1.8
Ignore:		1.008.000
Check:		SOFTWARE\JavaSoft\Java Development Kit\1.8.0_241
Ignore:		1.008.000_241
32-bit search:	SOFTWARE\JavaSoft\Java Development Kit...
64-bit search:	SOFTWARE\JavaSoft\JRE...
32-bit search:	SOFTWARE\JavaSoft\JRE...
64-bit search:	SOFTWARE\JavaSoft\JDK...
Check:		SOFTWARE\JavaSoft\JDK\11.0.7
Check launcher:	C:\Program Files\Java\jdk-11.0.7\bin\javaw.exe (OK)
Match:		1.011.000_007
Check:		SOFTWARE\JavaSoft\JDK\13.0.2
Check launcher:	C:\Program Files\Java\jdk-13.0.2\bin\javaw.exe (not found)
Ignore:		1.013.000_002
Runtime used:	1.011.000_007 (64-bit)
Launcher:	C:\Program Files\Java\jdk-11.0.7\bin\javaw.exe
Launcher args:	-jar "D:\start-to-read-in-english\game.exe"
Args length:	43/32768 chars
Exit code:	0


Version:	3.12
CmdLine:	D:\start-to-read-in-english\game.exe --l4j-debug
WOW64:		yes
Working dir:	D:\start-to-read-in-english\.
Java min ver:	1.011.000
Java max ver:	
64-bit search:	SOFTWARE\JavaSoft\Java Runtime Environment...
Check:		SOFTWARE\JavaSoft\Java Runtime Environment\1.8
Ignore:		1.008.000
Check:		SOFTWARE\JavaSoft\Java Runtime Environment\1.8.0_241
Ignore:		1.008.000_241
32-bit search:	SOFTWARE\JavaSoft\Java Runtime Environment...
Check:		SOFTWARE\JavaSoft\Java Runtime Environment\1.8
Ignore:		1.008.000
Check:		SOFTWARE\JavaSoft\Java Runtime Environment\1.8.0_241
Ignore:		1.008.000_241
64-bit search:	SOFTWARE\JavaSoft\Java Development Kit...
Check:		SOFTWARE\JavaSoft\Java Development Kit\1.8
Ignore:		1.008.000
Check:		SOFTWARE\JavaSoft\Java Development Kit\1.8.0_241
Ignore:		1.008.000_241
32-bit search:	SOFTWARE\JavaSoft\Java Development Kit...
64-bit search:	SOFTWARE\JavaSoft\JRE...
32-bit search:	SOFTWARE\JavaSoft\JRE...
64-bit search:	SOFTWARE\JavaSoft\JDK...
Check:		SOFTWARE\JavaSoft\JDK\11.0.7
Check launcher:	C:\Program Files\Java\jdk-11.0.7\bin\javaw.exe (OK)
Match:		1.011.000_007
Check:		SOFTWARE\JavaSoft\JDK\13.0.2
Check launcher:	C:\Program Files\Java\jdk-13.0.2\bin\javaw.exe (not found)
Ignore:		1.013.000_002
Runtime used:	1.011.000_007 (64-bit)
Launcher:	C:\Program Files\Java\jdk-11.0.7\bin\javaw.exe
Launcher args:	-jar "D:\start-to-read-in-english\game.exe"
Args length:	43/32768 chars
Exit code:	0
